<?xml version="1.0" encoding="UTF-8"?>
<!-- Generated by org.testng.reporters.JUnitReportReporter -->
<testsuite skipped="0" hostname="EIL-IT-3040-31" name="testCases.launchChromeTest" tests="1" failures="0" timestamp="12 Dec 2018 13:13:06 GMT" time="17.217" errors="0">
  <testcase name="launchGoogleHome" time="17.217" classname="testCases.launchChromeTest"/>
</testsuite> <!-- testCases.launchChromeTest -->
